app/build/intermediates/manifest_merge_blame_file/debug/manifest-merger-blame-debug-report.txt
1<?xml version="1.0" encoding="utf-8"?>
2<!--
3  ~ Copyright (C) 2019 Google Inc.
4  ~
5  ~ Licensed under the Apache License, Version 2.0 (the "License");
6  ~ you may not use this file except in compliance with the License.
7  ~ You may obtain a copy of the License at
8  ~
9  ~     http://www.apache.org/licenses/LICENSE-2.0
10  ~
11  ~ Unless required by applicable law or agreed to in writing, software
12  ~ distributed under the License is distributed on an "AS IS" BASIS,
13  ~ WITHOUT WARRANTIES OR CONDITIONS OF ANY KIND, either express or implied.
14  ~ See the License for the specific language governing permissions and
15  ~ limitations under the License.
16-->
17<manifest xmlns:android="http://schemas.android.com/apk/res/android"
18    package="com.example.android.devbyteviewer"
19    android:versionCode="1"
20    android:versionName="1.0" >
21
22    <uses-sdk
23        android:minSdkVersion="21"
23-->src/main/AndroidManifest.xml
24        android:targetSdkVersion="30" />
24-->src/main/AndroidManifest.xml
25
26    <application
26-->src/main/AndroidManifest.xml:22:5-38:19
27        android:name="com.example.android.devbyteviewer.DevByteApplication"
27-->src/main/AndroidManifest.xml:23:9-43
28        android:allowBackup="true"
28-->src/main/AndroidManifest.xml:24:9-35
29        android:appComponentFactory="androidx.core.app.CoreComponentFactory"
29-->[androidx.core:core:1.3.1] AndroidManifest.xml:24:18-86
30        android:debuggable="true"
31        android:icon="@mipmap/ic_launcher"
31-->src/main/AndroidManifest.xml:25:9-43
32        android:label="@string/app_name"
32-->src/main/AndroidManifest.xml:26:9-41
33        android:roundIcon="@mipmap/ic_launcher_round"
33-->src/main/AndroidManifest.xml:27:9-54
34        android:supportsRtl="true"
34-->src/main/AndroidManifest.xml:28:9-35
35        android:testOnly="true"
36        android:theme="@style/AppTheme" >
36-->src/main/AndroidManifest.xml:29:9-40
37        <activity android:name="com.example.android.devbyteviewer.ui.DevByteActivity" >
37-->src/main/AndroidManifest.xml:31:9-37:20
37-->src/main/AndroidManifest.xml:31:19-53
38            <intent-filter>
38-->src/main/AndroidManifest.xml:32:13-36:29
39                <action android:name="android.intent.action.MAIN" />
39-->src/main/AndroidManifest.xml:33:17-69
39-->src/main/AndroidManifest.xml:33:25-66
40
41                <category android:name="android.intent.category.LAUNCHER" />
41-->src/main/AndroidManifest.xml:35:17-77
41-->src/main/AndroidManifest.xml:35:27-74
42            </intent-filter>
43        </activity>
44
45        <provider
45-->[androidx.lifecycle:lifecycle-process:2.2.0] AndroidManifest.xml:25:9-29:43
46            android:name="androidx.lifecycle.ProcessLifecycleOwnerInitializer"
46-->[androidx.lifecycle:lifecycle-process:2.2.0] AndroidManifest.xml:26:13-79
47            android:authorities="com.example.android.devbyteviewer.lifecycle-process"
47-->[androidx.lifecycle:lifecycle-process:2.2.0] AndroidManifest.xml:27:13-69
48            android:exported="false"
48-->[androidx.lifecycle:lifecycle-process:2.2.0] AndroidManifest.xml:28:13-37
49            android:multiprocess="true" />
49-->[androidx.lifecycle:lifecycle-process:2.2.0] AndroidManifest.xml:29:13-40
50    </application>
51
52</manifest>